<?xml version="1.0" encoding="UTF-8"?>
<testng-results skipped="0" failed="0" ignored="0" total="1" passed="1">
  <reporter-output>
  </reporter-output>
  <suite name="Default suite" duration-ms="15772" started-at="2020-05-03T00:42:06Z" finished-at="2020-05-03T00:42:21Z">
    <groups>
    </groups>
    <test name="Default test" duration-ms="15772" started-at="2020-05-03T00:42:06Z" finished-at="2020-05-03T00:42:21Z">
      <class name="mainPackage.mainClass">
        <test-method status="PASS" signature="beforeMethod()[pri:0, instance:mainPackage.mainClass@42d80b78]" name="beforeMethod" is-config="true" duration-ms="7376" started-at="2020-05-03T00:42:06Z" finished-at="2020-05-03T00:42:13Z">
          <reporter-output>
          </reporter-output>
        </test-method> <!-- beforeMethod -->
        <test-method status="PASS" signature="Test()[pri:0, instance:mainPackage.mainClass@42d80b78]" name="Test" duration-ms="8368" started-at="2020-05-03T00:42:13Z" finished-at="2020-05-03T00:42:21Z">
          <reporter-output>
          </reporter-output>
        </test-method> <!-- Test -->
        <test-method status="PASS" signature="AfterMethod()[pri:0, instance:mainPackage.mainClass@42d80b78]" name="AfterMethod" is-config="true" duration-ms="0" started-at="2020-05-03T00:42:21Z" finished-at="2020-05-03T00:42:21Z">
          <reporter-output>
          </reporter-output>
        </test-method> <!-- AfterMethod -->
      </class> <!-- mainPackage.mainClass -->
    </test> <!-- Default test -->
  </suite> <!-- Default suite -->
</testng-results>
